1
2
3
4
6
9
12
18
27
36
2325788560
788984690
953292394
985124689
213492077
1293691178
629336016
441432438
882060706
335413834
819142012
385240657
265613733
1436703982
1375252462
22576743
731902256
2489803708
1694132872
1901890900
1030560956
605388648
1812812630
1249858964
1442630304
463068905
2953287820
1362282970
470844925
1617775896
993548053
989072672
1703446150
1436703982
2020375828
486210312
830608086
726269620
772228366
716324524
896641203
1906688492
1514235796
78395835
2586023460
1166545908
1867277224
684006074
815334533
2639702892
461680359
2052814788
746043460
1795724064
300460492
772725225
569207346
459543488
506226462
988721128
1591469712
93124933
1836209996
859991488
3917104556
200582474
2183382340
1514235796
1972891928
640576106
659321580
794230401
778735807
440054933
629879804
907338096
1008112510
687258382
78952447
1812518708
3904867784
3503980264
1806558988
923750140
3583501660
1519671746
2048229456
522603096
23172950
402471304
1783108456
715369288
2919945324
326185329
606279538
1864649842
1977964740
802990788
559532595
93276768
552139093
18838218
1978840284
1070403492
796475948
609572061
919039304
3756946548
3696381412
1046654594
2363655832
2020375828
606169911
310111918
729599729
1210402452
567701939
423794486
366504320
200251557
1362282970
380791952
911013227
415315977
494983435
317713346
1152727036
1639465844
856746470
157764672
1114079494
961483859
7773064
3026172440
992072320
22250173
1464664162
253544102
390787296
2192602832
1904074460
1411631316
1942304132
419882041
249456551
3558557620
360544652
2525439192
1815045994
1002595488
1395032312
1970249378
3671290356
1236504304
441432438
293006405
572009017
344651088
960302774
719467528
203169484
205243790
789091383
299389273
3200798340
1441535144
368930616
624746878
2448314112
980116984
2517344064
520600009
1161663518
668020262
1578182766
1283409988
1881073520
386692310
412268094
3200175668
2234529304
1113676028
694026390
1545450450
284086131
150015100
1758542832
449061014
751800107
778370450
729315468
1987096106
3214227316
307699044
69576228
1928475744
950150368
2592844164
11686272
633370168
1385615984
216963936
143667970
981493040
2737196488
176034510
519544111
561814881
326296246
276877318
274339574
3434357668
362798673
936262312
606380673
983791696
3945805224
3220013020
702245808
235271886
839697060
704144414
1647879014
1679948898
2533514252
1383597314
820975160
303139769
754752481
801006228
1036893696
2150912348
861983031
291444541
1709512898
1987916566
198264010
259646116
270358228
878574354
1132988692
677521874
2593386580
758991420
1474557952
961625532
198821332
43559182
2023798104
446916689
774840978
2451448380
443032124
1305579320
1059738028
425234017
1357127226
2274345380
687626231
451679420
437991994
645428460
540716456
2892081604
235021712
1505909940
3556369800
1006241502
504056255
71586640
1439193286
545573420
262631729
2522139592
1637019452
712691542
843811834
1323416464
299287344
790168267
754544148
69573689
813316832
189488600
989072672
507237684
3176921604
940340200
2625669088
1967160718
3576317548
1767621620
1392749120
3211963152
528103530
1327461640
552654072
794230401
540816978
90230076
3171918152
1088273342
518446848
3750467520
1724827126
634832552
232512318
54286496
1444472168
14992220
233375062
460829923
1096648168
1028746354
446207548
1605605238
922225584
1408812064
3090727956
828885856
1094020070
150015100
1518679386
666832952
817709897
878061698
182113268
679987072
675002645
2728952588
313593414
956286411
929439558
418624626
22636074
914873309
478865744
3719528812
228485032
161199029
954783466
1249772566
296667932
1957786288
907023292
666021604
579631490
19062383
3340479080
2954849616
988046128
2796290700
246336683
408546085
881384600
1809562444
592090793
1895526460
1369782392
3899642488
756518668
1447123868
601691656
994975200
472239553
3781457836
1922798344
1505909940
1994435296
1292308632
491988164
704961962
1255873878
566294244
171633654
125340996
1969927830
344657616
166275800
901381476
2386891032
556023362
2509414284
1528670946
635159660
1700331484
2174046540
120485676
529368906
105558882
329784050
1976092256
1918675756
1129450646
334198496
1609056912
2481512124
210352896
1705005042
385041070
3423602604
1557282914
310938173
376884473
1826789444
563364256
1100862168
3520768160
1961867278
789103182
703057648
881384600
243431662
653354675
954776744
569499170
1012452924
2603905724
704311588
1961867278
792979538
1756979192
334198496
998064805
215773500
1370889272
614127676
1121290578
953140038
856195453
2710087496
1261069796
579974450
2164797176
3949882728
315613972
772163742
802995338
3971816848
1981569004
203837046
1395073908
783920472
498913102
43905800
1153053784
702618832
1745501444
1546809558
3534635260
1784336154
1679105510
2182293680
111425526
2176546684
530050744
621961191
2192602832
127506588
30995378
839114688
641396795
307786906
466819306
78850200
182899878
276548865
216728938
887236082
833964282
3818767312
172970687
84332380
17593147
716324524
220883387
719778160
429931702
2458415788
507047632
1928475744
215142820
1148157394
634832552
1035745660
567122776
162261460
223028708
1292758456
202225317
2722361736
958368973
902325883
628017096
1617347960
907453912
122976872
32565608
190299061
3451566836
1921285938
365951128
1578182766
1481795408
3272474140
2048229456
421010156
516683278
2784136944
1732244290
476151004
2857374608
159844808
2625669088
757313352
864894665
1922798344
936944541
441968398
1097399268
2916
1194410996
537728087
297502432
1357127226
187315910
764345852
1758038430
650149474
164461266
712498658
1897333848
187946390
1974941364
249404122
311786510
436239836
529869014
1302983258
748452604
1729350358
369094068
2528636164
804576882
505801305
400457911
215057353
1728060538
1271575994
802684122
160088818
2921179944
483597087
2900988032
328321305
535201746
1857696568
3819663596
3026172440
660232915
2079650528
684872836
1712913988
373645002
887672459
188799173
1296823188
280601976
275113181
1302586490
3159640780
550143589
1281152212
1939810850
406792004
489446572
750467847
296667932
2801628128
753691450
931791093
719955770
84145928
1042621930
664318073
1917322668
3106716724
3822884652
1656737132
1250641402
3457320872
3806280872
192205832
575423209
368930616
908711182
983789993
516560652
3303188996
461680359
1879035176
1398966062
733008640
550371586
459052499
502171571
754210581
413413664
641083688
1358616984
1035974752
411880411
3763120968
916760997
1078346200
167085152
590694474
428636662
590823709
3757325888
577207028
139037700
718274972
1285650496
1136462116
1475759084
642434850
2166329180
10991964
57187149
1361444136
576722596
526068788
1494385272
850468034
1282793590
1451194692
1590198512
936327744
382172926
3535243240
535139138
125626722
377596249
414640794
3598880000
1460724318
1557282914
115195394
461548566
68844724
504435910
677519130
1590198512
897813760
1513307730
673926535
3442677876
2002850820
707289974
3209232296
650430760
1504143778
3573782448
786848222
686245788
186345928
1823361236
1697048956
916760997
904781222
253523816
1905707928
121434692
3430919748
3535243240
1246545828
393715383
792642304
1408623176
1997770428
513290459
3917104556
2996818928
2536163384
71381650
164522177
1537293918
1651567522
275047180
533584376
376652906
2452737016
1907759456
21494336
562338879
117277070
837049474
1011602610
637729626
3135618576
124587842
1087023270
1762196056
597205498
646952017
1472749972
3276568048
3228015308
521550694
2805473284
1772083422
19712550
2068141840
104737511
3253961188
559037784
771250406
227758636
1957111974
1557282914
928404924
906406315
1290487502
978888738
684891196
25117624
576617496
101928589
781848466
821022973
864303984
43559182
750673196
2593386580
316718672
1428687304
907075180
1291573330
143849000
1215887210
853811019
1696841788
3547834760
224800580
1814150360
703295648
570718016
1540164280
2433366764
911316472
459543488
1716436912
1394846772
1707753610
438401514
880361234
84332380
689702271
2424158056
1890728918
1288559520
1330920220
2650600644
697724326
823921964
2599344228
590823709
1863582186
94695377
158789915
819732922
138822681
1529290438
1249321008
855808226
276877318
438401514
385297754
1295351784
3692361148
831453526
3216311768
925488049
1869833456
1431429440
406792004
3124968492
403592432
3704634012
2239079968
3978351844
2138194716
1350005290
3037358772
758991420
828556375
612380840
65224300
720399681
130650444
679194644
114374298
354151644
1011161420
2866973680
172325544
864303984
855359094
3698927408
563932888
1458630936
673867572
2034527544
2876875724
546456114
542707360
1776561520
866448076
1269653384
359634500
3930512644
804471226
277832544
1833521994
954691828
55712763
2458415788
1002595488
549448884
2691481676
137523590
839082844
143030942
804471226
2389726448
242962805
1874719976
644153786
3625638884
1141200868
1164016786
2877870112
377529496
116834170
2098220640
296162236
647320500
776385636
3347363204
109886930
401111836
2109172944
986451306
1933146676
1352042992
1068594224
563364256
1948750700
1079742740
1119065190
2949115904
1846180574
1156720850
266221846
820027846
531861082
353644987
935408680
155008212
568102210
2807201776
507040476
1851816642
982059384
1478020098
812182655
2757725336
210352896
1850976098
1119065190
292267676
406658416
171697400
2403018684
811043258
138962598
551745547
665324066
3325364104
1340017052
1181134508
1548391084
2843007288
458230394
634826692
559995693
1255873878
563932888
2121218620
1826789444
375892780
2556084468
902122531
62323647
879871973
2676001540
100617826
1214015320
3058580876
138505092
2042481452
1738894470
2519519216
739152300
1378272302
727658526
659992673
7258358
591109486
828435451
1553358362
781209735
3228774896
577925276
1322771560
1352042992
1079846324
815680876
2162138316
653319112
148073560
2417987072
670222672
459406142
1102706512
192861488
840276032
196028092
1258672032
1838078608
22279069
573779646
1731621084
606380673
1936285380
764345852
651293245
288962638
551368844
1124677758
84052199
1319851446
612380840
1211324030
177412950
737982246
46493067
1717162448
579966556
700031465
782149280
59025274
249404122
1860671508
2230694408
512621908
1785427204
468902262
700789286
1714831882
725247008
3212573736
1956977176
177147
2501282804
774195542
1977964740
167706917
2548907500
1433486840
454522888
2028451676
710104287
3343788980
1112666928
982423680
1763820112
2086300440
242242023
56888193
572123768
2766676752
3432104948
335413834
456581714
535428956
3235147688
1603982354
217298801
